2024-03-15 22:19:53,165 [INFO] django.utils.autoreload: Watching for file changes with StatReloader
2024-03-15 22:21:34,494 [INFO] django.utils.autoreload: F:\Django\MBGoal\optimized_project_structure\optimized_project_structure\settings.py changed, reloading.
2024-03-15 22:21:35,528 [INFO] django.utils.autoreload: Watching for file changes with StatReloader
2024-03-15 22:21:51,041 [INFO] django.utils.autoreload: Watching for file changes with StatReloader
2024-03-15 22:22:23,428 [INFO] django.utils.autoreload: F:\Django\MBGoal\optimized_project_structure\optimized_project_structure\settings.py changed, reloading.
2024-03-15 22:22:24,630 [INFO] django.utils.autoreload: Watching for file changes with StatReloader
2024-03-15 22:22:36,355 [INFO] django.utils.autoreload: Watching for file changes with StatReloader
2024-03-15 22:24:36,491 [INFO] django.utils.autoreload: F:\Django\MBGoal\optimized_project_structure\optimized_project_structure\settings.py changed, reloading.
2024-03-15 22:24:42,446 [INFO] django.utils.autoreload: Watching for file changes with StatReloader
2024-03-15 22:26:38,568 [INFO] django.server: "GET /admin/ HTTP/1.1" 302 0
2024-03-15 22:26:39,147 [INFO] django.server: "GET /admin/login/?next=/admin/ HTTP/1.1" 200 4163
2024-03-15 22:26:44,409 [INFO] django.server: "POST /admin/login/?next=/admin/ HTTP/1.1" 302 0
2024-03-15 22:26:44,669 [INFO] django.server: "GET /admin/ HTTP/1.1" 200 9933
2024-03-16 18:32:21,949 [INFO] django.utils.autoreload: Watching for file changes with StatReloader
2024-03-16 19:33:54,933 [WARNING] django.request: Not Found: /favicon.ico
2024-03-16 19:33:54,955 [WARNING] django.server: "GET /favicon.ico HTTP/1.1" 404 2464
2024-03-18 00:12:31,403 [INFO] django.utils.autoreload: Watching for file changes with StatReloader
2024-03-18 00:26:02,361 [INFO] django.utils.autoreload: F:\Django\MBGoal\optimized_project_structure\courses\views.py changed, reloading.
2024-03-18 00:26:03,343 [INFO] django.utils.autoreload: Watching for file changes with StatReloader
2024-03-18 00:28:40,369 [INFO] django.utils.autoreload: F:\Django\MBGoal\optimized_project_structure\courses\views.py changed, reloading.
2024-03-18 00:28:41,808 [INFO] django.utils.autoreload: Watching for file changes with StatReloader
